2018-09-26 19:13:06,848;input: 101; output: Samsung
2018-09-26 19:13:10,368;input: 102; output: Apple
2018-09-26 19:13:13,634;input: 103; output: Evroopt
2018-09-26 19:13:15,811;input: 104; output: Reserved
2018-09-26 19:13:18,165;input: 105; output: None
2018-09-26 19:13:22,051;input: 205; output: None
2018-09-26 19:13:25,752;input name: none; output: Floor-1, store number: 105
2018-09-26 19:13:25,752;input name: none; output: Floor-1, store number: 205
2018-09-26 19:13:33,440;input name: adidas; output: Floor-1, store number: 203
2018-09-26 19:14:19,931;input number: dsfdsf; output: Please enter correct number
(1-st floor: 1**, 2-nd floor: 2**)
2018-09-26 19:14:24,551;input number: 201; output: Sony
2018-09-26 19:14:27,939;input number: 202; output: Puma
2018-09-26 19:14:31,634;input number: 203; output: Adidas
2018-09-26 19:14:33,603;input number: 204; output: Nike
2018-09-26 19:14:36,038;input number: 205; output: None
2018-09-26 19:14:42,988;input name: puma; output: Floor-1, store number: 202
2018-09-27 11:42:14,512;input name: adidas; output: Floor-1, store number: 203
2018-09-27 11:44:13,079;input number: vjlj; output: Please enter correct number
(1-st floor: 1**, 2-nd floor: 2**)
2018-09-27 11:44:23,871;input number: 101; output: Samsung
2018-09-27 11:45:43,270;input number: 102; output: Apple
2018-09-27 11:46:10,379;input name: adidas; output: Floor-1, store number: 203
2018-09-27 11:46:11,429;input name: adidas; output: Floor-1, store number: 203
2018-09-27 11:46:11,535;input name: adidas; output: Floor-1, store number: 203
2018-09-27 11:46:11,711;input name: adidas; output: Floor-1, store number: 203
2018-09-27 11:46:11,868;input name: adidas; output: Floor-1, store number: 203
2018-09-27 11:46:12,019;input name: adidas; output: Floor-1, store number: 203
2018-09-27 11:46:12,174;input name: adidas; output: Floor-1, store number: 203
2018-09-27 11:46:12,330;input name: adidas; output: Floor-1, store number: 203
2018-09-27 11:46:12,455;input name: adidas; output: Floor-1, store number: 203
2018-09-27 11:46:12,598;input name: adidas; output: Floor-1, store number: 203
2018-09-27 11:46:12,751;input name: adidas; output: Floor-1, store number: 203
2018-09-27 11:46:12,906;input name: adidas; output: Floor-1, store number: 203
2018-09-27 11:46:13,096;input name: adidas; output: Floor-1, store number: 203
2018-09-27 11:46:13,380;input name: adidas; output: Floor-1, store number: 203
2018-09-27 11:46:13,561;input name: adidas; output: Floor-1, store number: 203
2018-09-27 11:46:13,763;input name: adidas; output: Floor-1, store number: 203
2018-09-27 11:46:13,921;input name: adidas; output: Floor-1, store number: 203
2018-09-27 11:46:14,087;input name: adidas; output: Floor-1, store number: 203
2018-09-27 11:46:14,250;input name: adidas; output: Floor-1, store number: 203
2018-09-27 11:46:14,406;input name: adidas; output: Floor-1, store number: 203
2018-09-27 11:46:14,575;input name: adidas; output: Floor-1, store number: 203
2018-09-27 11:46:14,726;input name: adidas; output: Floor-1, store number: 203
2018-09-27 11:46:14,854;input name: adidas; output: Floor-1, store number: 203
2018-09-27 11:46:15,023;input name: adidas; output: Floor-1, store number: 203
2018-09-27 11:46:15,189;input name: adidas; output: Floor-1, store number: 203
2018-09-27 11:46:15,406;input name: adidas; output: Floor-1, store number: 203
2018-09-27 11:46:15,677;input name: adidas; output: Floor-1, store number: 203
2018-09-27 11:46:15,790;input name: adidas; output: Floor-1, store number: 203
2018-09-27 11:46:15,947;input name: adidas; output: Floor-1, store number: 203
2018-09-27 11:46:16,100;input name: adidas; output: Floor-1, store number: 203
2018-09-27 11:46:16,280;input name: adidas; output: Floor-1, store number: 203
2018-09-27 11:46:16,433;input name: adidas; output: Floor-1, store number: 203
2018-09-27 11:46:16,651;input name: adidas; output: Floor-1, store number: 203
2018-09-27 11:46:18,383;input name: adidas; output: Floor-1, store number: 203
2018-09-27 11:46:19,396;input name: adidas; output: Floor-1, store number: 203
2018-09-27 11:46:19,857;input name: adidas; output: Floor-1, store number: 203
2018-09-27 11:46:20,201;input name: adidas; output: Floor-1, store number: 203
2018-09-27 11:46:20,474;input name: adidas; output: Floor-1, store number: 203
2018-09-27 11:46:20,704;input name: adidas; output: Floor-1, store number: 203
2018-09-27 11:46:20,920;input name: adidas; output: Floor-1, store number: 203
2018-09-27 11:46:21,125;input name: adidas; output: Floor-1, store number: 203
2018-09-27 11:46:21,333;input name: adidas; output: Floor-1, store number: 203
2018-09-27 11:46:21,539;input name: adidas; output: Floor-1, store number: 203
2018-09-27 11:46:21,743;input name: adidas; output: Floor-1, store number: 203
2018-09-27 11:46:21,910;input name: adidas; output: Floor-1, store number: 203
2018-09-27 11:46:22,102;input name: adidas; output: Floor-1, store number: 203
2018-09-27 11:46:22,255;input name: adidas; output: Floor-1, store number: 203
2018-09-27 11:46:22,449;input name: adidas; output: Floor-1, store number: 203
2018-09-27 11:46:22,641;input name: adidas; output: Floor-1, store number: 203
2018-09-27 11:46:22,858;input name: adidas; output: Floor-1, store number: 203
2018-09-27 11:46:22,999;input name: adidas; output: Floor-1, store number: 203
2018-09-27 11:46:23,296;input name: adidas; output: Floor-1, store number: 203
2018-09-27 11:46:44,902;input name: adidas; output: Floor-1, store number: 203
2018-09-27 11:46:46,237;input name: adidas; output: Floor-1, store number: 203
2018-09-27 11:46:46,353;input name: adidas; output: Floor-1, store number: 203
2018-09-27 11:46:46,505;input name: adidas; output: Floor-1, store number: 203
2018-09-27 11:46:46,675;input name: adidas; output: Floor-1, store number: 203
2018-09-27 11:46:46,864;input name: adidas; output: Floor-1, store number: 203
2018-09-27 11:46:47,158;input name: adidas; output: Floor-1, store number: 203
2018-09-27 11:46:47,250;input name: adidas; output: Floor-1, store number: 203
2018-09-27 11:46:47,481;input name: adidas; output: Floor-1, store number: 203
2018-09-27 11:46:47,684;input name: adidas; output: Floor-1, store number: 203
2018-09-27 11:46:47,878;input name: adidas; output: Floor-1, store number: 203
2018-09-27 11:46:48,085;input name: adidas; output: Floor-1, store number: 203
2018-09-27 11:46:48,288;input name: adidas; output: Floor-1, store number: 203
2018-09-27 11:46:48,496;input name: adidas; output: Floor-1, store number: 203
2018-09-27 11:46:48,686;input name: adidas; output: Floor-1, store number: 203
2018-09-27 11:46:48,868;input name: adidas; output: Floor-1, store number: 203
2018-09-27 11:46:49,058;input name: adidas; output: Floor-1, store number: 203
2018-09-27 11:46:49,249;input name: adidas; output: Floor-1, store number: 203
2018-09-27 11:46:49,432;input name: adidas; output: Floor-1, store number: 203
2018-09-27 11:46:49,636;input name: adidas; output: Floor-1, store number: 203
2018-09-27 11:46:49,856;input name: adidas; output: Floor-1, store number: 203
2018-09-27 11:46:50,073;input name: adidas; output: Floor-1, store number: 203
2018-09-27 11:46:50,315;input name: adidas; output: Floor-1, store number: 203
2018-09-27 11:46:50,609;input name: adidas; output: Floor-1, store number: 203
2018-09-27 11:46:50,740;input name: adidas; output: Floor-1, store number: 203
2018-09-27 11:46:51,008;input name: adidas; output: Floor-1, store number: 203
2018-09-27 11:46:51,494;input name: adidas; output: Floor-1, store number: 203
2018-09-27 11:46:58,008;input number: 102; output: Apple
2018-09-27 11:51:18,357;input name: adidas; output: Floor-1, store number: 203
2018-09-27 11:51:19,301;input name: adidas; output: Floor-1, store number: 203
2018-09-27 11:51:19,511;input name: adidas; output: Floor-1, store number: 203
2018-09-27 11:51:19,667;input name: adidas; output: Floor-1, store number: 203
2018-09-27 11:51:19,860;input name: adidas; output: Floor-1, store number: 203
2018-09-27 11:51:20,048;input name: adidas; output: Floor-1, store number: 203
2018-09-27 11:51:20,241;input name: adidas; output: Floor-1, store number: 203
2018-09-27 11:51:20,503;input name: adidas; output: Floor-1, store number: 203
2018-09-27 11:51:51,889;input name: adidas; output: Floor-1, store number: 203
2018-09-27 11:52:37,308;input name: adidas; output: Floor-1, store number: 203
2018-09-27 11:53:15,183;input name: evroopt; output: Floor-1, store number: 103
2018-09-27 19:02:28,672;input name: adidas; output: Floor-1, store number: 203
2018-09-27 19:05:53,176;input name: adidas; output: Floor-1, store number: 203
2018-09-27 19:05:53,457;input name: adidas; output: Floor-1, store number: 203
2018-09-27 19:05:53,629;input name: adidas; output: Floor-1, store number: 203
2018-09-27 19:05:55,989;input name: adidas; output: Floor-1, store number: 203
2018-09-27 19:05:56,223;input name: adidas; output: Floor-1, store number: 203
2018-09-27 19:05:56,426;input name: adidas; output: Floor-1, store number: 203
2018-09-27 19:05:56,692;input name: adidas; output: Floor-1, store number: 203
2018-09-27 19:10:40,834;input number: 205; output: None
2018-09-27 19:10:44,741;input number: 204; output: Nike
2018-09-27 19:10:52,632;input name: nike; output: Floor-1, store number: 204
2018-09-27 19:11:47,335;input name: nike; output: Floor-1, store number: 204
2018-09-27 19:13:37,021;input name: nike; output: Floor-1, store number: 204
2018-09-27 19:13:38,130;input name: nike; output: Floor-1, store number: 204
2018-09-27 19:16:14,009;input name: nike; output: Floor-1, store number: 204
2018-09-27 19:16:26,855;input name: adidas; output: Floor-1, store number: 203
2018-09-27 19:26:20,050;input name: dm.s; output: Check the name!
2018-09-27 19:26:20,050;input name: dm.s; output: Check the name!
2018-09-27 19:26:20,050;input name: dm.s; output: Check the name!
2018-09-27 19:26:20,050;input name: dm.s; output: Check the name!
2018-09-27 19:26:20,050;input name: dm.s; output: Check the name!
2018-09-27 19:26:20,050;input name: dm.s; output: Check the name!
2018-09-27 19:26:20,050;input name: dm.s; output: Check the name!
2018-09-27 19:26:20,050;input name: dm.s; output: Check the name!
2018-09-27 19:26:20,050;input name: dm.s; output: Check the name!
2018-09-27 19:26:20,050;input name: dm.s; output: Check the name!
2018-09-27 19:28:20,893;input number: 101; output: Samsung
2018-09-27 19:28:31,894;input name: hjfslgs; output: Check the name!
2018-09-27 19:28:31,894;input name: hjfslgs; output: Check the name!
2018-09-27 19:28:31,894;input name: hjfslgs; output: Check the name!
2018-09-27 19:28:31,894;input name: hjfslgs; output: Check the name!
2018-09-27 19:28:31,894;input name: hjfslgs; output: Check the name!
2018-09-27 19:28:31,894;input name: hjfslgs; output: Check the name!
2018-09-27 19:28:31,894;input name: hjfslgs; output: Check the name!
2018-09-27 19:28:31,894;input name: hjfslgs; output: Check the name!
2018-09-27 19:28:31,894;input name: hjfslgs; output: Check the name!
2018-09-27 19:28:31,894;input name: hjfslgs; output: Check the name!
2018-09-27 19:28:38,380;input name: adidas; output: Check the name!
2018-09-27 19:28:38,395;input name: adidas; output: Check the name!
2018-09-27 19:28:38,395;input name: adidas; output: Check the name!
2018-09-27 19:28:38,395;input name: adidas; output: Check the name!
2018-09-27 19:28:38,395;input name: adidas; output: Check the name!
2018-09-27 19:28:38,395;input name: adidas; output: Check the name!
2018-09-27 19:28:38,395;input name: adidas; output: Check the name!
2018-09-27 19:28:38,395;input name: adidas; output: Floor-1, store number: 203
